                                 Started job on |	Jun 04 21:55:56
                             Started mapping on |	Jun 04 21:56:23
                                    Finished on |	Jun 04 22:05:33
       Mapping speed, Million of reads per hour |	439.07

                          Number of input reads |	67080159
                      Average input read length |	67
                                    UNIQUE READS:
                   Uniquely mapped reads number |	55836147
                        Uniquely mapped reads % |	83.24%
                          Average mapped length |	66.64
                       Number of splices: Total |	19695342
            Number of splices: Annotated (sjdb) |	19439001
                       Number of splices: GT/AG |	19498113
                       Number of splices: GC/AG |	131811
                       Number of splices: AT/AC |	28516
               Number of splices: Non-canonical |	36902
                      Mismatch rate per base, % |	0.48%
                         Deletion rate per base |	0.01%
                        Deletion average length |	1.42
                        Insertion rate per base |	0.00%
                       Insertion average length |	1.26
                             MULTI-MAPPING READS:
        Number of reads mapped to multiple loci |	6499367
             % of reads mapped to multiple loci |	9.69%
        Number of reads mapped to too many loci |	107121
             % of reads mapped to too many loci |	0.16%
                                  UNMAPPED READS:
  Number of reads unmapped: too many mismatches |	0
       % of reads unmapped: too many mismatches |	0.00%
            Number of reads unmapped: too short |	4602703
                 % of reads unmapped: too short |	6.86%
                Number of reads unmapped: other |	34821
                     % of reads unmapped: other |	0.05%
                                  CHIMERIC READS:
                       Number of chimeric reads |	0
                            % of chimeric reads |	0.00%
