                                 Started job on |	May 30 01:17:03
                             Started mapping on |	May 30 01:17:31
                                    Finished on |	May 30 01:26:18
       Mapping speed, Million of reads per hour |	532.02

                          Number of input reads |	77882279
                      Average input read length |	67
                                    UNIQUE READS:
                   Uniquely mapped reads number |	57709324
                        Uniquely mapped reads % |	74.10%
                          Average mapped length |	66.73
                       Number of splices: Total |	17000063
            Number of splices: Annotated (sjdb) |	16654200
                       Number of splices: GT/AG |	16847185
                       Number of splices: GC/AG |	93178
                       Number of splices: AT/AC |	18165
               Number of splices: Non-canonical |	41535
                      Mismatch rate per base, % |	0.57%
                         Deletion rate per base |	0.01%
                        Deletion average length |	1.47
                        Insertion rate per base |	0.00%
                       Insertion average length |	1.21
                             MULTI-MAPPING READS:
        Number of reads mapped to multiple loci |	9181236
             % of reads mapped to multiple loci |	11.79%
        Number of reads mapped to too many loci |	173218
             % of reads mapped to too many loci |	0.22%
                                  UNMAPPED READS:
  Number of reads unmapped: too many mismatches |	0
       % of reads unmapped: too many mismatches |	0.00%
            Number of reads unmapped: too short |	10769605
                 % of reads unmapped: too short |	13.83%
                Number of reads unmapped: other |	48896
                     % of reads unmapped: other |	0.06%
                                  CHIMERIC READS:
                       Number of chimeric reads |	0
                            % of chimeric reads |	0.00%
