                                 Started job on |	May 30 12:58:35
                             Started mapping on |	May 30 12:59:18
                                    Finished on |	May 30 13:07:21
       Mapping speed, Million of reads per hour |	540.97

                          Number of input reads |	72579938
                      Average input read length |	67
                                    UNIQUE READS:
                   Uniquely mapped reads number |	55307023
                        Uniquely mapped reads % |	76.20%
                          Average mapped length |	66.87
                       Number of splices: Total |	19565018
            Number of splices: Annotated (sjdb) |	19306720
                       Number of splices: GT/AG |	19403231
                       Number of splices: GC/AG |	103030
                       Number of splices: AT/AC |	13319
               Number of splices: Non-canonical |	45438
                      Mismatch rate per base, % |	0.32%
                         Deletion rate per base |	0.00%
                        Deletion average length |	1.36
                        Insertion rate per base |	0.00%
                       Insertion average length |	1.19
                             MULTI-MAPPING READS:
        Number of reads mapped to multiple loci |	8724271
             % of reads mapped to multiple loci |	12.02%
        Number of reads mapped to too many loci |	153778
             % of reads mapped to too many loci |	0.21%
                                  UNMAPPED READS:
  Number of reads unmapped: too many mismatches |	0
       % of reads unmapped: too many mismatches |	0.00%
            Number of reads unmapped: too short |	8374319
                 % of reads unmapped: too short |	11.54%
                Number of reads unmapped: other |	20547
                     % of reads unmapped: other |	0.03%
                                  CHIMERIC READS:
                       Number of chimeric reads |	0
                            % of chimeric reads |	0.00%
